
63. Printing statistics.

=== conv2d_accel ===

   Number of wires:              19932
   Number of wire bits:          19976
   Number of public wires:        3836
   Number of public wire bits:    3880
   Number of memories:               0
   Number of memory bits:            0
   Number of processes:              0
   Number of cells:              19932
     sky130_fd_sc_hd__a2111o_2       1
     sky130_fd_sc_hd__a211o_2      190
     sky130_fd_sc_hd__a211oi_2      22
     sky130_fd_sc_hd__a21bo_2       14
     sky130_fd_sc_hd__a21boi_2      20
     sky130_fd_sc_hd__a21o_2       219
     sky130_fd_sc_hd__a21oi_2       97
     sky130_fd_sc_hd__a221o_2      301
     sky130_fd_sc_hd__a221oi_2       4
     sky130_fd_sc_hd__a22o_2        63
     sky130_fd_sc_hd__a22oi_2       43
     sky130_fd_sc_hd__a2bb2o_2      49
     sky130_fd_sc_hd__a2bb2oi_2      3
     sky130_fd_sc_hd__a311o_2       36
     sky130_fd_sc_hd__a311oi_2       7
     sky130_fd_sc_hd__a31o_2       216
     sky130_fd_sc_hd__a31oi_2        9
     sky130_fd_sc_hd__a32o_2        88
     sky130_fd_sc_hd__a32oi_2        1
     sky130_fd_sc_hd__a41o_2        12
     sky130_fd_sc_hd__and2_2        27
     sky130_fd_sc_hd__and2b_2      182
     sky130_fd_sc_hd__and3_2       266
     sky130_fd_sc_hd__and3b_2       16
     sky130_fd_sc_hd__and4_2        78
     sky130_fd_sc_hd__and4b_2       44
     sky130_fd_sc_hd__and4bb_2      14
     sky130_fd_sc_hd__buf_1       5520
     sky130_fd_sc_hd__dfrtp_2       59
     sky130_fd_sc_hd__dfstp_2        1
     sky130_fd_sc_hd__dfxtp_2     3776
     sky130_fd_sc_hd__inv_2         97
     sky130_fd_sc_hd__mux2_2      4661
     sky130_fd_sc_hd__mux4_2      1445
     sky130_fd_sc_hd__nand2_2      171
     sky130_fd_sc_hd__nand2b_2       3
     sky130_fd_sc_hd__nand3_2      103
     sky130_fd_sc_hd__nand3b_2      14
     sky130_fd_sc_hd__nand4_2       59
     sky130_fd_sc_hd__nand4b_2       6
     sky130_fd_sc_hd__nor2_2        72
     sky130_fd_sc_hd__nor2b_2        4
     sky130_fd_sc_hd__nor3_2        19
     sky130_fd_sc_hd__nor3b_2        2
     sky130_fd_sc_hd__nor4_2         7
     sky130_fd_sc_hd__nor4b_2        4
     sky130_fd_sc_hd__o2111a_2      11
     sky130_fd_sc_hd__o2111ai_2      5
     sky130_fd_sc_hd__o211a_2      494
     sky130_fd_sc_hd__o211ai_2      56
     sky130_fd_sc_hd__o21a_2       132
     sky130_fd_sc_hd__o21ai_2      107
     sky130_fd_sc_hd__o21ba_2        7
     sky130_fd_sc_hd__o21bai_2      26
     sky130_fd_sc_hd__o221a_2       95
     sky130_fd_sc_hd__o221ai_2       8
     sky130_fd_sc_hd__o22a_2       180
     sky130_fd_sc_hd__o22ai_2       19
     sky130_fd_sc_hd__o2bb2a_2       9
     sky130_fd_sc_hd__o2bb2ai_2     18
     sky130_fd_sc_hd__o311a_2       45
     sky130_fd_sc_hd__o31a_2        84
     sky130_fd_sc_hd__o31ai_2        2
     sky130_fd_sc_hd__o32a_2        11
     sky130_fd_sc_hd__o32ai_2        2
     sky130_fd_sc_hd__o41a_2         5
     sky130_fd_sc_hd__o41ai_2        1
     sky130_fd_sc_hd__or2_2        161
     sky130_fd_sc_hd__or2b_2        23
     sky130_fd_sc_hd__or3_2        100
     sky130_fd_sc_hd__or3b_2       144
     sky130_fd_sc_hd__or4_2         75
     sky130_fd_sc_hd__or4b_2        28
     sky130_fd_sc_hd__or4bb_2       10
     sky130_fd_sc_hd__xnor2_2       16
     sky130_fd_sc_hd__xor2_2        13

   Chip area for module '\conv2d_accel': 229846.691200

