%Warning-EOFNEWLINE: /openlane/designs/CNN_acc/src/conv_engine.v:139:10: Missing newline at end of file (POSIX 3.206).
                                                                       : ... Suggest add newline.
  139 | endmodule
      |          ^
                     ... For warning description see https://verilator.org/warn/EOFNEWLINE?v=5.009
                     ... Use "/* verilator lint_off EOFNEWLINE */" and lint_on around source to disable this message.
%Warning-EOFNEWLINE: /openlane/designs/CNN_acc/src/conv2d_accel.v:136:10: Missing newline at end of file (POSIX 3.206).
                                                                        : ... Suggest add newline.
  136 | endmodule
      |          ^
%Warning-WIDTHEXPAND: /openlane/designs/CNN_acc/src/simple_sram.v:19:47: Operator ADD expects 32 bits on the LHS, but LHS's VARREF 'rd_addr' generates 8 bits.
                                                                       : ... In instance conv2d_accel.output_sram
   19 |     wire [$clog2(DEPTH)-1:0] addr1 = (rd_addr + 1 < DEPTH) ? (rd_addr + 1) : 0;
      |                                               ^
%Warning-WIDTHEXPAND: /openlane/designs/CNN_acc/src/simple_sram.v:20:47: Operator ADD expects 32 bits on the LHS, but LHS's VARREF 'rd_addr' generates 8 bits.
                                                                       : ... In instance conv2d_accel.output_sram
   20 |     wire [$clog2(DEPTH)-1:0] addr2 = (rd_addr + 2 < DEPTH) ? (rd_addr + 2) : 0;
      |                                               ^
%Warning-WIDTHEXPAND: /openlane/designs/CNN_acc/src/simple_sram.v:29:36: Operator LT expects 32 bits on the LHS, but LHS's VARREF 'rd_addr' generates 8 bits.
                                                                       : ... In instance conv2d_accel.output_sram
   29 |         rd_data[7:0]   <= (rd_addr < DEPTH)     ? mem[addr0] : 8'd0;
      |                                    ^
%Warning-WIDTHEXPAND: /openlane/designs/CNN_acc/src/simple_sram.v:30:36: Operator ADD expects 32 bits on the LHS, but LHS's VARREF 'rd_addr' generates 8 bits.
                                                                       : ... In instance conv2d_accel.output_sram
   30 |         rd_data[15:8]  <= (rd_addr + 1 < DEPTH) ? mem[addr1] : 8'd0;
      |                                    ^
%Warning-WIDTHEXPAND: /openlane/designs/CNN_acc/src/simple_sram.v:31:36: Operator ADD expects 32 bits on the LHS, but LHS's VARREF 'rd_addr' generates 8 bits.
                                                                       : ... In instance conv2d_accel.output_sram
   31 |         rd_data[23:16] <= (rd_addr + 2 < DEPTH) ? mem[addr2] : 8'd0;
      |                                    ^
%Warning-WIDTHEXPAND: /openlane/designs/CNN_acc/src/simple_sram.v:19:47: Operator ADD expects 32 bits on the LHS, but LHS's VARREF 'rd_addr' generates 4 bits.
                                                                       : ... In instance conv2d_accel.kernel_sram
   19 |     wire [$clog2(DEPTH)-1:0] addr1 = (rd_addr + 1 < DEPTH) ? (rd_addr + 1) : 0;
      |                                               ^
%Warning-WIDTHEXPAND: /openlane/designs/CNN_acc/src/simple_sram.v:20:47: Operator ADD expects 32 bits on the LHS, but LHS's VARREF 'rd_addr' generates 4 bits.
                                                                       : ... In instance conv2d_accel.kernel_sram
   20 |     wire [$clog2(DEPTH)-1:0] addr2 = (rd_addr + 2 < DEPTH) ? (rd_addr + 2) : 0;
      |                                               ^
%Warning-WIDTHEXPAND: /openlane/designs/CNN_acc/src/simple_sram.v:29:36: Operator LT expects 32 bits on the LHS, but LHS's VARREF 'rd_addr' generates 4 bits.
                                                                       : ... In instance conv2d_accel.kernel_sram
   29 |         rd_data[7:0]   <= (rd_addr < DEPTH)     ? mem[addr0] : 8'd0;
      |                                    ^
%Warning-WIDTHEXPAND: /openlane/designs/CNN_acc/src/simple_sram.v:30:36: Operator ADD expects 32 bits on the LHS, but LHS's VARREF 'rd_addr' generates 4 bits.
                                                                       : ... In instance conv2d_accel.kernel_sram
   30 |         rd_data[15:8]  <= (rd_addr + 1 < DEPTH) ? mem[addr1] : 8'd0;
      |                                    ^
%Warning-WIDTHEXPAND: /openlane/designs/CNN_acc/src/simple_sram.v:31:36: Operator ADD expects 32 bits on the LHS, but LHS's VARREF 'rd_addr' generates 4 bits.
                                                                       : ... In instance conv2d_accel.kernel_sram
   31 |         rd_data[23:16] <= (rd_addr + 2 < DEPTH) ? mem[addr2] : 8'd0;
      |                                    ^
%Warning-WIDTHEXPAND: /openlane/designs/CNN_acc/src/conv_engine.v:50:37: Operator ADD expects 32 bits on the LHS, but LHS's ARRAYSEL generates 16 bits.
                                                                       : ... In instance conv2d_accel.engine
   50 |     assign adder_tree_sum = mult[0] + mult[1] + mult[2];  
      |                                     ^
%Warning-WIDTHEXPAND: /openlane/designs/CNN_acc/src/conv_engine.v:50:37: Operator ADD expects 32 bits on the RHS, but RHS's ARRAYSEL generates 16 bits.
                                                                       : ... In instance conv2d_accel.engine
   50 |     assign adder_tree_sum = mult[0] + mult[1] + mult[2];  
      |                                     ^
%Warning-WIDTHEXPAND: /openlane/designs/CNN_acc/src/conv_engine.v:50:47: Operator ADD expects 32 bits on the RHS, but RHS's ARRAYSEL generates 16 bits.
                                                                       : ... In instance conv2d_accel.engine
   50 |     assign adder_tree_sum = mult[0] + mult[1] + mult[2];  
      |                                               ^
%Warning-WIDTHEXPAND: /openlane/designs/CNN_acc/src/conv_engine.v:64:33: Operator EQ expects 32 or 5 bits on the LHS, but LHS's VARREF 'out_row' generates 4 bits.
                                                                       : ... In instance conv2d_accel.engine
   64 |             OUTPUT: if (out_row == OUT_H-1 && out_col == OUT_W-1) next_state = DONE; else next_state = FETCH;
      |                                 ^~
%Warning-WIDTHEXPAND: /openlane/designs/CNN_acc/src/conv_engine.v:64:55: Operator EQ expects 32 or 5 bits on the LHS, but LHS's VARREF 'out_col' generates 4 bits.
                                                                       : ... In instance conv2d_accel.engine
   64 |             OUTPUT: if (out_row == OUT_H-1 && out_col == OUT_W-1) next_state = DONE; else next_state = FETCH;
      |                                                       ^~
%Warning-WIDTHEXPAND: /openlane/designs/CNN_acc/src/conv_engine.v:104:52: Operator ADD expects 32 or 8 bits on the LHS, but LHS's VARREF 'out_row' generates 4 bits.
                                                                        : ... In instance conv2d_accel.engine
  104 |                         input_rd_addr  <= (out_row + ki + 1) * W + out_col; 
      |                                                    ^
%Warning-WIDTHEXPAND: /openlane/designs/CNN_acc/src/conv_engine.v:104:52: Operator ADD expects 32 or 8 bits on the RHS, but RHS's VARREF 'ki' generates 2 bits.
                                                                        : ... In instance conv2d_accel.engine
  104 |                         input_rd_addr  <= (out_row + ki + 1) * W + out_col; 
      |                                                    ^
%Warning-WIDTHEXPAND: /openlane/designs/CNN_acc/src/conv_engine.v:104:66: Operator ADD expects 32 or 8 bits on the RHS, but RHS's VARREF 'out_col' generates 4 bits.
                                                                        : ... In instance conv2d_accel.engine
  104 |                         input_rd_addr  <= (out_row + ki + 1) * W + out_col; 
      |                                                                  ^
%Warning-WIDTHEXPAND: /openlane/designs/CNN_acc/src/conv_engine.v:105:47: Operator ADD expects 32 or 4 bits on the LHS, but LHS's VARREF 'ki' generates 2 bits.
                                                                        : ... In instance conv2d_accel.engine
  105 |                         kernel_rd_addr <= (ki + 1) * K;
      |                                               ^
%Warning-WIDTHEXPAND: /openlane/designs/CNN_acc/src/conv_engine.v:111:55: Operator ADD expects 32 or 8 bits on the RHS, but RHS's VARREF 'out_col' generates 4 bits.
                                                                        : ... In instance conv2d_accel.engine
  111 |                     output_wr_addr <= out_row * OUT_W + out_col; 
      |                                                       ^
%Warning-WIDTHEXPAND: /openlane/designs/CNN_acc/src/conv_engine.v:122:56: Operator ADD expects 32 or 8 bits on the LHS, but LHS's VARREF 'out_row' generates 4 bits.
                                                                        : ... In instance conv2d_accel.engine
  122 |                             input_rd_addr  <= (out_row + 1) * W;  
      |                                                        ^
%Warning-WIDTHEXPAND: /openlane/designs/CNN_acc/src/conv_engine.v:117:37: Operator EQ expects 32 or 5 bits on the LHS, but LHS's VARREF 'out_row' generates 4 bits.
                                                                        : ... In instance conv2d_accel.engine
  117 |                         if (out_row == OUT_H-1) begin
      |                                     ^~
%Warning-WIDTHEXPAND: /openlane/designs/CNN_acc/src/conv_engine.v:128:66: Operator ADD expects 32 or 8 bits on the LHS, but LHS's VARREF 'out_col' generates 4 bits.
                                                                        : ... In instance conv2d_accel.engine
  128 |                         input_rd_addr  <= out_row * W + (out_col + 1); 
      |                                                                  ^
%Warning-WIDTHEXPAND: /openlane/designs/CNN_acc/src/conv_engine.v:115:33: Operator EQ expects 32 or 5 bits on the LHS, but LHS's VARREF 'out_col' generates 4 bits.
                                                                        : ... In instance conv2d_accel.engine
  115 |                     if (out_col == OUT_W-1) begin 
      |                                 ^~
%Warning-UNUSEDSIGNAL: /openlane/designs/CNN_acc/src/conv2d_accel.v:35:27: Bits of signal are not used: 'output_sram_rd_data'[23:8]
                                                                         : ... In instance conv2d_accel
   35 |     wire [INTERNAL_W-1:0] output_sram_rd_data; 
      |                           ^~~~~~~~~~~~~~~~~~~
%Warning-UNSIGNED: /openlane/designs/CNN_acc/src/conv2d_accel.v:88:29: Comparison is constant due to unsigned arithmetic
                                                                     : ... In instance conv2d_accel
   88 |                 if (wr_addr >= 16'h0000 && wr_addr <= 16'h00FF) 
      |                             ^~
