OpenROAD 41a51eaf4ca2171c92ff38afb91eb37bbd3f36da 
This program is licensed under the BSD-3 license. See the LICENSE file for details.
Components of this program may be licensed under more restrictive licenses which must be honored.
[INFO]: Reading ODB at '/openlane/designs/CNN_acc/runs/RUN_adjust2/results/cts/conv2d_accel.odb'…
define_corners Slowest Typical Fastest
read_liberty -corner Slowest /home/vhoang/.ciel/sky130A/libs.ref/sky130_fd_sc_hd/lib/sky130_fd_sc_hd__ss_100C_1v60.lib
read_liberty -corner Typical /home/vhoang/.ciel/sky130A/libs.ref/sky130_fd_sc_hd/lib/sky130_fd_sc_hd__tt_025C_1v80.lib
read_liberty -corner Fastest /home/vhoang/.ciel/sky130A/libs.ref/sky130_fd_sc_hd/lib/sky130_fd_sc_hd__ff_n40C_1v95.lib
Using 1e-12 for capacitance...
Using 1e+03 for resistance...
Using 1e-09 for time...
Using 1e+00 for voltage...
Using 1e-03 for current...
Using 1e-09 for power...
Using 1e-06 for distance...
Reading design constraints file at '/openlane/designs/CNN_acc/runs/RUN_adjust2/results/cts/conv2d_accel.sdc'…
[INFO]: Setting RC values...
[INFO RSZ-0045] Inserted 33 buffers, 1 to split loads.
[INFO RSZ-0041] Resized 89 instances.
[WARNING RSZ-0062] Unable to repair all setup violations.
[INFO RSZ-0046] Found 2580 endpoints with hold violations.
[INFO RSZ-0032] Inserted 2524 hold buffers.
Placement Analysis
---------------------------------
total displacement       9036.6 u
average displacement        0.2 u
max displacement           10.0 u
original HPWL         2026228.6 u
legalized HPWL        2054024.7 u
delta HPWL                    1 %

[INFO DPL-0020] Mirrored 8831 instances
[INFO DPL-0021] HPWL before          2054024.7 u
[INFO DPL-0022] HPWL after           2030715.7 u
[INFO DPL-0023] HPWL delta               -1.1 %
Setting global connections for newly added cells…
Writing OpenROAD database to '/openlane/designs/CNN_acc/runs/RUN_adjust2/tmp/cts/14-conv2d_accel.resized.odb'…
Writing netlist to '/openlane/designs/CNN_acc/runs/RUN_adjust2/tmp/cts/14-conv2d_accel.resized.nl.v'…
Writing powered netlist to '/openlane/designs/CNN_acc/runs/RUN_adjust2/tmp/cts/14-conv2d_accel.resized.pnl.v'…
Writing layout to '/openlane/designs/CNN_acc/runs/RUN_adjust2/tmp/cts/14-conv2d_accel.resized.def'…
Writing timing constraints to '/openlane/designs/CNN_acc/runs/RUN_adjust2/tmp/cts/14-conv2d_accel.resized.sdc'…
area_report

===========================================================================
report_design_area
============================================================================
Design area 317427 u^2 28% utilization.
area_report_end
